<?xml version="1.0" encoding="UTF-8"?>
<!-- Generated by org.testng.reporters.JUnitReportReporter -->
<testsuite hostname="JAYALEKSHMI" failures="0" tests="1" name="carwashAddtoBag.CarwashOrderIdCreation$NewTest" time="5.902" errors="0" timestamp="2023-05-07T19:51:57 IST" skipped="0">
  <testcase classname="carwashAddtoBag.CarwashOrderIdCreation$NewTest" name="responseParse" time="5.902"/>
  <system-out/>
</testsuite> <!-- carwashAddtoBag.CarwashOrderIdCreation$NewTest -->
