<?xml version="1.0" encoding="UTF-8"?>
<!-- Generated by org.testng.reporters.JUnitReportReporter -->
<testsuite hostname="JAYALEKSHMI" failures="0" tests="1" name="CartitemSuccessfully.CartItem" time="3.758" errors="0" timestamp="2023-05-05T19:10:30 IST" skipped="0">
  <testcase classname="CartitemSuccessfully.CartItem" name="CartItems" time="3.758"/>
  <system-out/>
</testsuite> <!-- CartitemSuccessfully.CartItem -->
