<?xml version="1.0" encoding="UTF-8"?>
<!-- Generated by org.testng.reporters.JUnitReportReporter -->
<testsuite hostname="JAYALEKSHMI" failures="0" tests="1" name="carwashAddtoBag.Cartitemadded" time="3.749" errors="0" timestamp="2023-05-04T16:33:44 IST" skipped="0">
  <testcase classname="carwashAddtoBag.Cartitemadded" name="CartItems" time="3.749"/>
  <system-out/>
</testsuite> <!-- carwashAddtoBag.Cartitemadded -->
